[0m20:26:07.675237 [debug] [MainThread]: Sending event: {'category': 'dbt', 'action': 'invocation', 'label': 'start', 'context': [<snowplow_tracker.self_describing_json.SelfDescribingJson object at 0x7f01c98776a0>, <snowplow_tracker.self_describing_json.SelfDescribingJson object at 0x7f01c9e548b0>, <snowplow_tracker.self_describing_json.SelfDescribingJson object at 0x7f01c9e54850>]}


============================== 20:26:07.677779 | 883e45b9-9354-4c5b-9313-dc3604f770c1 ==============================
[0m20:26:07.677779 [info ] [MainThread]: Running with dbt=1.7.9
[0m20:26:07.678217 [debug] [MainThread]: running dbt with arguments {'printer_width': '80', 'indirect_selection': 'eager', 'log_cache_events': 'False', 'write_json': 'True', 'partial_parse': 'True', 'cache_selected_only': 'False', 'profiles_dir': '/home/saxen/.dbt', 'fail_fast': 'False', 'warn_error': 'None', 'log_path': 'logs', 'debug': 'False', 'version_check': 'True', 'use_colors': 'True', 'use_experimental_parser': 'False', 'no_print': 'None', 'quiet': 'False', 'warn_error_options': 'WarnErrorOptions(include=[], exclude=[])', 'invocation_command': 'dbt init', 'static_parser': 'True', 'introspect': 'True', 'target_path': 'None', 'log_format': 'default', 'send_anonymous_usage_stats': 'True'}
[0m20:26:07.678587 [warn ] [MainThread]: [ConfigFolderDirectory]: Unable to parse dict {'dir': PosixPath('/home/saxen/.dbt')}
[0m20:26:07.678900 [info ] [MainThread]: Creating dbt configuration folder at 
[0m20:36:11.679348 [debug] [MainThread]: Starter project path: /home/saxen/projects/ETL-1/venv/lib/python3.10/site-packages/dbt/include/starter_project
[0m20:36:11.683444 [info ] [MainThread]: 
Your new dbt project "custom_postgres" was created!

For more information on how to configure the profiles.yml file,
please consult the dbt documentation here:

  https://docs.getdbt.com/docs/configure-your-profile

One more thing:

Need help? Don't hesitate to reach out to us via GitHub issues or on Slack:

  https://community.getdbt.com/

Happy modeling!

[0m20:36:11.683961 [info ] [MainThread]: Setting up your profile.
[0m20:47:50.817677 [info ] [MainThread]: Profile custom_postgres written to /home/saxen/.dbt/profiles.yml using target's profile_template.yml and your supplied values. Run 'dbt debug' to validate the connection.
[0m20:47:50.818978 [debug] [MainThread]: Resource report: {"command_name": "init", "command_success": true, "command_wall_clock_time": 1303.1459, "process_user_time": 1.597392, "process_kernel_time": 0.019967, "process_mem_max_rss": "91420", "process_out_blocks": "88", "process_in_blocks": "0"}
[0m20:47:50.819511 [debug] [MainThread]: Command `dbt init` succeeded at 20:47:50.819389 after 1303.15 seconds
[0m20:47:50.819858 [debug] [MainThread]: Sending event: {'category': 'dbt', 'action': 'invocation', 'label': 'end', 'context': [<snowplow_tracker.self_describing_json.SelfDescribingJson object at 0x7f01c98776a0>, <snowplow_tracker.self_describing_json.SelfDescribingJson object at 0x7f01cb918df0>, <snowplow_tracker.self_describing_json.SelfDescribingJson object at 0x7f01c9e54c40>]}
[0m20:47:50.820218 [debug] [MainThread]: Flushing usage events
